  Server.cpp
C:\Users\Tal Aharon\OneDrive - The Academic College of Tel-Aviv Jaffa - MTA\מדעי המחשב\שנה ג\סמס א\תקשורת מחשבים\Computer-communication\Server\ServerExample\Server.cpp(5,1): warning C4326: return type of 'main' should be 'int' instead of 'void'
  ServerUtils.cpp
C:\Users\Tal Aharon\OneDrive - The Academic College of Tel-Aviv Jaffa - MTA\מדעי המחשב\שנה ג\סמס א\תקשורת מחשבים\Computer-communication\Server\ServerExample\ServerUtils.cpp(96,65): warning C4267: '=': conversion from 'size_t' to 'int', possible loss of data
C:\Users\Tal Aharon\OneDrive - The Academic College of Tel-Aviv Jaffa - MTA\מדעי המחשב\שנה ג\סמס א\תקשורת מחשבים\Computer-communication\Server\ServerExample\ServerUtils.cpp(105,65): warning C4267: '=': conversion from 'size_t' to 'int', possible loss of data
C:\Users\Tal Aharon\OneDrive - The Academic College of Tel-Aviv Jaffa - MTA\מדעי המחשב\שנה ג\סמס א\תקשורת מחשבים\Computer-communication\Server\ServerExample\ServerUtils.cpp(126,65): warning C4267: '=': conversion from 'size_t' to 'int', possible loss of data
C:\Users\Tal Aharon\OneDrive - The Academic College of Tel-Aviv Jaffa - MTA\מדעי המחשב\שנה ג\סמס א\תקשורת מחשבים\Computer-communication\Server\ServerExample\ServerUtils.cpp(135,65): warning C4267: '=': conversion from 'size_t' to 'int', possible loss of data
C:\Users\Tal Aharon\OneDrive - The Academic College of Tel-Aviv Jaffa - MTA\מדעי המחשב\שנה ג\סמס א\תקשורת מחשבים\Computer-communication\Server\ServerExample\ServerUtils.cpp(144,65): warning C4267: '=': conversion from 'size_t' to 'int', possible loss of data
C:\Users\Tal Aharon\OneDrive - The Academic College of Tel-Aviv Jaffa - MTA\מדעי המחשב\שנה ג\סמס א\תקשורת מחשבים\Computer-communication\Server\ServerExample\ServerUtils.cpp(182,27): warning C4244: '=': conversion from 'std::streamoff' to 'int', possible loss of data
C:\Users\Tal Aharon\OneDrive - The Academic College of Tel-Aviv Jaffa - MTA\מדעי המחשב\שנה ג\סמס א\תקשורת מחשבים\Computer-communication\Server\ServerExample\ServerUtils.cpp(192,31): warning C4267: '=': conversion from 'size_t' to 'int', possible loss of data
C:\Users\Tal Aharon\OneDrive - The Academic College of Tel-Aviv Jaffa - MTA\מדעי המחשב\שנה ג\סמס א\תקשורת מחשבים\Computer-communication\Server\ServerExample\ServerUtils.cpp(235,23): warning C4267: '+=': conversion from 'size_t' to 'int', possible loss of data
C:\Users\Tal Aharon\OneDrive - The Academic College of Tel-Aviv Jaffa - MTA\מדעי המחשב\שנה ג\סמס א\תקשורת מחשבים\Computer-communication\Server\ServerExample\ServerUtils.cpp(247,31): warning C4267: '=': conversion from 'size_t' to 'int', possible loss of data
C:\Users\Tal Aharon\OneDrive - The Academic College of Tel-Aviv Jaffa - MTA\מדעי המחשב\שנה ג\סמס א\תקשורת מחשבים\Computer-communication\Server\ServerExample\ServerUtils.cpp(296,31): warning C4267: '=': conversion from 'size_t' to 'int', possible loss of data
C:\Users\Tal Aharon\OneDrive - The Academic College of Tel-Aviv Jaffa - MTA\מדעי המחשב\שנה ג\סמס א\תקשורת מחשבים\Computer-communication\Server\ServerExample\ServerUtils.cpp(319,31): warning C4267: '=': conversion from 'size_t' to 'int', possible loss of data
C:\Users\Tal Aharon\OneDrive - The Academic College of Tel-Aviv Jaffa - MTA\מדעי המחשב\שנה ג\סמס א\תקשורת מחשבים\Computer-communication\Server\ServerExample\ServerUtils.cpp(326,29): warning C4267: '=': conversion from 'size_t' to 'int', possible loss of data
C:\Users\Tal Aharon\OneDrive - The Academic College of Tel-Aviv Jaffa - MTA\מדעי המחשב\שנה ג\סמס א\תקשורת מחשבים\Computer-communication\Server\ServerExample\ServerUtils.cpp(327,21): warning C4267: '+=': conversion from 'size_t' to 'int', possible loss of data
C:\Users\Tal Aharon\OneDrive - The Academic College of Tel-Aviv Jaffa - MTA\מדעי המחשב\שנה ג\סמס א\תקשורת מחשבים\Computer-communication\Server\ServerExample\ServerUtils.cpp(336,31): warning C4267: '=': conversion from 'size_t' to 'int', possible loss of data
C:\Users\Tal Aharon\OneDrive - The Academic College of Tel-Aviv Jaffa - MTA\מדעי המחשב\שנה ג\סמס א\תקשורת מחשבים\Computer-communication\Server\ServerExample\ServerUtils.cpp(345,31): warning C4267: '=': conversion from 'size_t' to 'int', possible loss of data
C:\Users\Tal Aharon\OneDrive - The Academic College of Tel-Aviv Jaffa - MTA\מדעי המחשב\שנה ג\סמס א\תקשורת מחשבים\Computer-communication\Server\ServerExample\ServerUtils.cpp(358,31): warning C4267: '=': conversion from 'size_t' to 'int', possible loss of data
C:\Users\Tal Aharon\OneDrive - The Academic College of Tel-Aviv Jaffa - MTA\מדעי המחשב\שנה ג\סמס א\תקשורת מחשבים\Computer-communication\Server\ServerExample\ServerUtils.cpp(373,100): warning C4129: 'm': unrecognized character escape sequence
  Generating Code...
  ServerExample.vcxproj -> C:\Users\Tal Aharon\OneDrive - The Academic College of Tel-Aviv Jaffa - MTA\מדעי המחשב\שנה ג\סמס א\תקשורת מחשבים\Computer-communication\Server\x64\Debug\ServerExample.exe
